Determining if the system is big endian passed with the following output:
Change Dir: /Users/lucabonfante/Desktop/opencv-3.2.0/build/CMakeFiles/CMakeTmp

Run Build Command:"/opt/local/bin/gmake" "cmTC_a23c3/fast"
/opt/local/bin/gmake -f CMakeFiles/cmTC_a23c3.dir/build.make CMakeFiles/cmTC_a23c3.dir/build
gmake[1]: ingresso nella directory "/Users/lucabonfante/Desktop/opencv-3.2.0/build/CMakeFiles/CMakeTmp"
Building C object CMakeFiles/cmTC_a23c3.dir/TestEndianess.c.o
/usr/bin/gcc    -fsigned-char -W -Wall -Werror=return-type -Werror=non-virtual-dtor -Werror=address -Werror=sequence-point -Wformat -Werror=format-security -Wmissing-declarations -Wmissing-prototypes -Wstrict-prototypes -Wundef -Winit-self -Wpointer-arith -Wshadow -Wsign-promo -Wno-narrowing -Wno-delete-non-virtual-dtor -Wno-unnamed-type-template-args -Wno-comment -fdiagnostics-show-option -Wno-long-long -Qunused-arguments -Wno-semicolon-before-method-body -fno-omit-frame-pointer -msse -msse2 -mno-avx -msse3 -mno-ssse3 -mno-sse4.1 -mno-sse4.2 -fvisibility=hidden -fvisibility-inlines-hidden  -O3 -DNDEBUG   -o CMakeFiles/cmTC_a23c3.dir/TestEndianess.c.o   -c /Users/lucabonfante/Desktop/opencv-3.2.0/build/CMakeFiles/CMakeTmp/TestEndianess.c
Linking C executable cmTC_a23c3
/usr/local/Cellar/cmake/3.5.2/bin/cmake -E cmake_link_script CMakeFiles/cmTC_a23c3.dir/link.txt --verbose=1
/usr/bin/gcc     -fsigned-char -W -Wall -Werror=return-type -Werror=non-virtual-dtor -Werror=address -Werror=sequence-point -Wformat -Werror=format-security -Wmissing-declarations -Wmissing-prototypes -Wstrict-prototypes -Wundef -Winit-self -Wpointer-arith -Wshadow -Wsign-promo -Wno-narrowing -Wno-delete-non-virtual-dtor -Wno-unnamed-type-template-args -Wno-comment -fdiagnostics-show-option -Wno-long-long -Qunused-arguments -Wno-semicolon-before-method-body -fno-omit-frame-pointer -msse -msse2 -mno-avx -msse3 -mno-ssse3 -mno-sse4.1 -mno-sse4.2 -fvisibility=hidden -fvisibility-inlines-hidden  -O3 -DNDEBUG -Wl,-search_paths_first -Wl,-headerpad_max_install_names   CMakeFiles/cmTC_a23c3.dir/TestEndianess.c.o  -o cmTC_a23c3  
gmake[1]: uscita dalla directory "/Users/lucabonfante/Desktop/opencv-3.2.0/build/CMakeFiles/CMakeTmp"

TestEndianess.c:
/* A 16 bit integer is required. */
typedef unsigned short cmakeint16;

/* On a little endian machine, these 16bit ints will give "THIS IS LITTLE ENDIAN."
   On a big endian machine the characters will be exchanged pairwise. */
const cmakeint16 info_little[] =  {0x4854, 0x5349, 0x4920, 0x2053, 0x494c, 0x5454, 0x454c, 0x4520, 0x444e, 0x4149, 0x2e4e, 0x0000};

/* on a big endian machine, these 16bit ints will give "THIS IS BIG ENDIAN."
   On a little endian machine the characters will be exchanged pairwise. */
const cmakeint16 info_big[] =     {0x5448, 0x4953, 0x2049, 0x5320, 0x4249, 0x4720, 0x454e, 0x4449, 0x414e, 0x2e2e, 0x0000};

#ifdef __CLASSIC_C__
int main(argc, argv) int argc; char *argv[];
#else
int main(int argc, char *argv[])
#endif
{
  int require = 0;
  require += info_little[argc];
  require += info_big[argc];
  (void)argv;
  return require;
}


Determining size of off64_t failed with the following output:
Change Dir: /Users/lucabonfante/Desktop/opencv-3.2.0/build/CMakeFiles/CMakeTmp

Run Build Command:"/opt/local/bin/gmake" "cmTC_c6ff6/fast"
/opt/local/bin/gmake -f CMakeFiles/cmTC_c6ff6.dir/build.make CMakeFiles/cmTC_c6ff6.dir/build
gmake[1]: ingresso nella directory "/Users/lucabonfante/Desktop/opencv-3.2.0/build/CMakeFiles/CMakeTmp"
Building C object CMakeFiles/cmTC_c6ff6.dir/OFF64_T.c.o
/usr/bin/gcc    -fsigned-char -W -Wall -Werror=return-type -Werror=non-virtual-dtor -Werror=address -Werror=sequence-point -Wformat -Werror=format-security -Wmissing-declarations -Wmissing-prototypes -Wstrict-prototypes -Wundef -Winit-self -Wpointer-arith -Wshadow -Wsign-promo -Wno-narrowing -Wno-delete-non-virtual-dtor -Wno-unnamed-type-template-args -Wno-comment -fdiagnostics-show-option -Wno-long-long -Qunused-arguments -Wno-semicolon-before-method-body -fno-omit-frame-pointer -msse -msse2 -mno-avx -msse3 -mno-ssse3 -mno-sse4.1 -mno-sse4.2 -fvisibility=hidden -fvisibility-inlines-hidden  -O3 -DNDEBUG   -o CMakeFiles/cmTC_c6ff6.dir/OFF64_T.c.o   -c /Users/lucabonfante/Desktop/opencv-3.2.0/build/CMakeFiles/CheckTypeSize/OFF64_T.c
/Users/lucabonfante/Desktop/opencv-3.2.0/build/CMakeFiles/CheckTypeSize/OFF64_T.c:19:12: error: use of undeclared identifier 'off64_t'
  ('0' + ((SIZE / 10000)%10)),
           ^
/Users/lucabonfante/Desktop/opencv-3.2.0/build/CMakeFiles/CheckTypeSize/OFF64_T.c:17:22: note: expanded from macro 'SIZE'
#define SIZE (sizeof(off64_t))
                     ^
/Users/lucabonfante/Desktop/opencv-3.2.0/build/CMakeFiles/CheckTypeSize/OFF64_T.c:20:12: error: use of undeclared identifier 'off64_t'
  ('0' + ((SIZE / 1000)%10)),
           ^
/Users/lucabonfante/Desktop/opencv-3.2.0/build/CMakeFiles/CheckTypeSize/OFF64_T.c:17:22: note: expanded from macro 'SIZE'
#define SIZE (sizeof(off64_t))
                     ^
/Users/lucabonfante/Desktop/opencv-3.2.0/build/CMakeFiles/CheckTypeSize/OFF64_T.c:21:12: error: use of undeclared identifier 'off64_t'
  ('0' + ((SIZE / 100)%10)),
           ^
/Users/lucabonfante/Desktop/opencv-3.2.0/build/CMakeFiles/CheckTypeSize/OFF64_T.c:17:22: note: expanded from macro 'SIZE'
#define SIZE (sizeof(off64_t))
                     ^
/Users/lucabonfante/Desktop/opencv-3.2.0/build/CMakeFiles/CheckTypeSize/OFF64_T.c:22:12: error: use of undeclared identifier 'off64_t'
  ('0' + ((SIZE / 10)%10)),
           ^
/Users/lucabonfante/Desktop/opencv-3.2.0/build/CMakeFiles/CheckTypeSize/OFF64_T.c:17:22: note: expanded from macro 'SIZE'
#define SIZE (sizeof(off64_t))
                     ^
/Users/lucabonfante/Desktop/opencv-3.2.0/build/CMakeFiles/CheckTypeSize/OFF64_T.c:23:12: error: use of undeclared identifier 'off64_t'
  ('0' +  (SIZE    % 10)),
           ^
/Users/lucabonfante/Desktop/opencv-3.2.0/build/CMakeFiles/CheckTypeSize/OFF64_T.c:17:22: note: expanded from macro 'SIZE'
#define SIZE (sizeof(off64_t))
                     ^
5 errors generated.
CMakeFiles/cmTC_c6ff6.dir/build.make:65: set di istruzioni per l'obiettivo "CMakeFiles/cmTC_c6ff6.dir/OFF64_T.c.o" non riuscito
gmake[1]: *** [CMakeFiles/cmTC_c6ff6.dir/OFF64_T.c.o] Errore 1
gmake[1]: uscita dalla directory "/Users/lucabonfante/Desktop/opencv-3.2.0/build/CMakeFiles/CMakeTmp"
Makefile:126: set di istruzioni per l'obiettivo "cmTC_c6ff6/fast" non riuscito
gmake: *** [cmTC_c6ff6/fast] Errore 2

/Users/lucabonfante/Desktop/opencv-3.2.0/build/CMakeFiles/CheckTypeSize/OFF64_T.c:
#include <sys/types.h>
#include <stdint.h>
#include <stddef.h>


#undef KEY
#if defined(__i386)
# define KEY '_','_','i','3','8','6'
#elif defined(__x86_64)
# define KEY '_','_','x','8','6','_','6','4'
#elif defined(__ppc__)
# define KEY '_','_','p','p','c','_','_'
#elif defined(__ppc64__)
# define KEY '_','_','p','p','c','6','4','_','_'
#endif

#define SIZE (sizeof(off64_t))
char info_size[] =  {'I', 'N', 'F', 'O', ':', 's','i','z','e','[',
  ('0' + ((SIZE / 10000)%10)),
  ('0' + ((SIZE / 1000)%10)),
  ('0' + ((SIZE / 100)%10)),
  ('0' + ((SIZE / 10)%10)),
  ('0' +  (SIZE    % 10)),
  ']',
#ifdef KEY
  ' ','k','e','y','[', KEY, ']',
#endif
  '\0'};

#ifdef __CLASSIC_C__
int main(argc, argv) int argc; char *argv[];
#else
int main(int argc, char *argv[])
#endif
{
  int require = 0;
  require += info_size[argc];
  (void)argv;
  return require;
}


Determining if the include file io.h exists failed with the following output:
Change Dir: /Users/lucabonfante/Desktop/opencv-3.2.0/build/CMakeFiles/CMakeTmp

Run Build Command:"/opt/local/bin/gmake" "cmTC_7b612/fast"
/opt/local/bin/gmake -f CMakeFiles/cmTC_7b612.dir/build.make CMakeFiles/cmTC_7b612.dir/build
gmake[1]: ingresso nella directory "/Users/lucabonfante/Desktop/opencv-3.2.0/build/CMakeFiles/CMakeTmp"
Building C object CMakeFiles/cmTC_7b612.dir/CheckIncludeFile.c.o
/usr/bin/gcc    -fsigned-char -W -Wall -Werror=return-type -Werror=non-virtual-dtor -Werror=address -Werror=sequence-point -Wformat -Werror=format-security -Wmissing-declarations -Wmissing-prototypes -Wstrict-prototypes -Wundef -Winit-self -Wpointer-arith -Wshadow -Wsign-promo -Wno-narrowing -Wno-delete-non-virtual-dtor -Wno-unnamed-type-template-args -Wno-comment -fdiagnostics-show-option -Wno-long-long -Qunused-arguments -Wno-semicolon-before-method-body -fno-omit-frame-pointer -msse -msse2 -mno-avx -msse3 -mno-ssse3 -mno-sse4.1 -mno-sse4.2 -fvisibility=hidden -fvisibility-inlines-hidden  -O3 -DNDEBUG   -o CMakeFiles/cmTC_7b612.dir/CheckIncludeFile.c.o   -c /Users/lucabonfante/Desktop/opencv-3.2.0/build/CMakeFiles/CMakeTmp/CheckIncludeFile.c
/Users/lucabonfante/Desktop/opencv-3.2.0/build/CMakeFiles/CMakeTmp/CheckIncludeFile.c:1:10: fatal error: 'io.h' file not found
#include <io.h>
         ^
1 error generated.
CMakeFiles/cmTC_7b612.dir/build.make:65: set di istruzioni per l'obiettivo "CMakeFiles/cmTC_7b612.dir/CheckIncludeFile.c.o" non riuscito
gmake[1]: *** [CMakeFiles/cmTC_7b612.dir/CheckIncludeFile.c.o] Errore 1
gmake[1]: uscita dalla directory "/Users/lucabonfante/Desktop/opencv-3.2.0/build/CMakeFiles/CMakeTmp"
Makefile:126: set di istruzioni per l'obiettivo "cmTC_7b612/fast" non riuscito
gmake: *** [cmTC_7b612/fast] Errore 2


Determining if the function jbg_newlen exists failed with the following output:
Change Dir: /Users/lucabonfante/Desktop/opencv-3.2.0/build/CMakeFiles/CMakeTmp

Run Build Command:"/opt/local/bin/gmake" "cmTC_a20a5/fast"
/opt/local/bin/gmake -f CMakeFiles/cmTC_a20a5.dir/build.make CMakeFiles/cmTC_a20a5.dir/build
gmake[1]: ingresso nella directory "/Users/lucabonfante/Desktop/opencv-3.2.0/build/CMakeFiles/CMakeTmp"
Building C object CMakeFiles/cmTC_a20a5.dir/CheckFunctionExists.c.o
/usr/bin/gcc    -fsigned-char -W -Wall -Werror=return-type -Werror=non-virtual-dtor -Werror=address -Werror=sequence-point -Wformat -Werror=format-security -Wmissing-declarations -Wmissing-prototypes -Wstrict-prototypes -Wundef -Winit-self -Wpointer-arith -Wshadow -Wsign-promo -Wno-narrowing -Wno-delete-non-virtual-dtor -Wno-unnamed-type-template-args -Wno-comment -fdiagnostics-show-option -Wno-long-long -Qunused-arguments -Wno-semicolon-before-method-body -fno-omit-frame-pointer -msse -msse2 -mno-avx -msse3 -mno-ssse3 -mno-sse4.1 -mno-sse4.2 -fvisibility=hidden -fvisibility-inlines-hidden -DCHECK_FUNCTION_EXISTS=jbg_newlen -O3 -DNDEBUG   -o CMakeFiles/cmTC_a20a5.dir/CheckFunctionExists.c.o   -c /usr/local/Cellar/cmake/3.5.2/share/cmake/Modules/CheckFunctionExists.c
Linking C executable cmTC_a20a5
/usr/local/Cellar/cmake/3.5.2/bin/cmake -E cmake_link_script CMakeFiles/cmTC_a20a5.dir/link.txt --verbose=1
/usr/bin/gcc     -fsigned-char -W -Wall -Werror=return-type -Werror=non-virtual-dtor -Werror=address -Werror=sequence-point -Wformat -Werror=format-security -Wmissing-declarations -Wmissing-prototypes -Wstrict-prototypes -Wundef -Winit-self -Wpointer-arith -Wshadow -Wsign-promo -Wno-narrowing -Wno-delete-non-virtual-dtor -Wno-unnamed-type-template-args -Wno-comment -fdiagnostics-show-option -Wno-long-long -Qunused-arguments -Wno-semicolon-before-method-body -fno-omit-frame-pointer -msse -msse2 -mno-avx -msse3 -mno-ssse3 -mno-sse4.1 -mno-sse4.2 -fvisibility=hidden -fvisibility-inlines-hidden -DCHECK_FUNCTION_EXISTS=jbg_newlen -O3 -DNDEBUG -Wl,-search_paths_first -Wl,-headerpad_max_install_names   CMakeFiles/cmTC_a20a5.dir/CheckFunctionExists.c.o  -o cmTC_a20a5  
Undefined symbols for architecture x86_64:
  "_jbg_newlen", referenced from:
      _main in CheckFunctionExists.c.o
ld: symbol(s) not found for architecture x86_64
clang: error: linker command failed with exit code 1 (use -v to see invocation)
CMakeFiles/cmTC_a20a5.dir/build.make:97: set di istruzioni per l'obiettivo "cmTC_a20a5" non riuscito
gmake[1]: *** [cmTC_a20a5] Errore 1
gmake[1]: uscita dalla directory "/Users/lucabonfante/Desktop/opencv-3.2.0/build/CMakeFiles/CMakeTmp"
Makefile:126: set di istruzioni per l'obiettivo "cmTC_a20a5/fast" non riuscito
gmake: *** [cmTC_a20a5/fast] Errore 2


Build output check failed:
    Regex: 'unknown .*option'
    Output line: 'warning: unknown warning option '-Wno-unused-but-set-variable', did you mean '-Wno-unused-const-variable'? [-Wunknown-warning-option]'
Compilation failed:
    source file: '/Users/lucabonfante/Desktop/opencv-3.2.0/build/CMakeFiles/CMakeTmp/src.c'
    check option: ' -Wno-unused-but-set-variable'
===== BUILD LOG =====
Change Dir: /Users/lucabonfante/Desktop/opencv-3.2.0/build/CMakeFiles/CMakeTmp

Run Build Command:"/opt/local/bin/gmake" "cmTC_18681/fast"
/opt/local/bin/gmake -f CMakeFiles/cmTC_18681.dir/build.make CMakeFiles/cmTC_18681.dir/build
gmake[1]: ingresso nella directory "/Users/lucabonfante/Desktop/opencv-3.2.0/build/CMakeFiles/CMakeTmp"
Building C object CMakeFiles/cmTC_18681.dir/src.c.o
/usr/bin/gcc    -fsigned-char -W -Wall -Werror=return-type -Werror=non-virtual-dtor -Werror=address -Werror=sequence-point -Wformat -Werror=format-security -Wmissing-declarations -Wmissing-prototypes -Wstrict-prototypes -Wundef -Winit-self -Wpointer-arith -Wshadow -Wsign-promo -Wno-narrowing -Wno-delete-non-virtual-dtor -Wno-unnamed-type-template-args -Wno-comment -fdiagnostics-show-option -Wno-long-long -Qunused-arguments -Wno-semicolon-before-method-body -fno-omit-frame-pointer -msse -msse2 -mno-avx -msse3 -mno-ssse3 -mno-sse4.1 -mno-sse4.2 -fvisibility=hidden -fvisibility-inlines-hidden  -O3 -DNDEBUG   -Wno-unused-but-set-variable -o CMakeFiles/cmTC_18681.dir/src.c.o   -c /Users/lucabonfante/Desktop/opencv-3.2.0/build/CMakeFiles/CMakeTmp/src.c
warning: unknown warning option '-Wno-unused-but-set-variable'; did you mean '-Wno-unused-const-variable'? [-Wunknown-warning-option]
/Users/lucabonfante/Desktop/opencv-3.2.0/build/CMakeFiles/CMakeTmp/src.c:1:8: warning: unknown pragma ignored [-Wunknown-pragmas]
#pragma
       ^
2 warnings generated.
Linking C executable cmTC_18681
/usr/local/Cellar/cmake/3.5.2/bin/cmake -E cmake_link_script CMakeFiles/cmTC_18681.dir/link.txt --verbose=1
/usr/bin/gcc     -fsigned-char -W -Wall -Werror=return-type -Werror=non-virtual-dtor -Werror=address -Werror=sequence-point -Wformat -Werror=format-security -Wmissing-declarations -Wmissing-prototypes -Wstrict-prototypes -Wundef -Winit-self -Wpointer-arith -Wshadow -Wsign-promo -Wno-narrowing -Wno-delete-non-virtual-dtor -Wno-unnamed-type-template-args -Wno-comment -fdiagnostics-show-option -Wno-long-long -Qunused-arguments -Wno-semicolon-before-method-body -fno-omit-frame-pointer -msse -msse2 -mno-avx -msse3 -mno-ssse3 -mno-sse4.1 -mno-sse4.2 -fvisibility=hidden -fvisibility-inlines-hidden  -O3 -DNDEBUG -Wl,-search_paths_first -Wl,-headerpad_max_install_names   CMakeFiles/cmTC_18681.dir/src.c.o  -o cmTC_18681  
gmake[1]: uscita dalla directory "/Users/lucabonfante/Desktop/opencv-3.2.0/build/CMakeFiles/CMakeTmp"

===== END =====

Build output check failed:
    Regex: 'unknown .*option'
    Output line: 'warning: unknown warning option '-Wno-maybe-uninitialized', did you mean '-Wno-uninitialized'? [-Wunknown-warning-option]'
Compilation failed:
    source file: '/Users/lucabonfante/Desktop/opencv-3.2.0/build/CMakeFiles/CMakeTmp/src.c'
    check option: ' -Wno-maybe-uninitialized'
===== BUILD LOG =====
Change Dir: /Users/lucabonfante/Desktop/opencv-3.2.0/build/CMakeFiles/CMakeTmp

Run Build Command:"/opt/local/bin/gmake" "cmTC_b36f6/fast"
/opt/local/bin/gmake -f CMakeFiles/cmTC_b36f6.dir/build.make CMakeFiles/cmTC_b36f6.dir/build
gmake[1]: ingresso nella directory "/Users/lucabonfante/Desktop/opencv-3.2.0/build/CMakeFiles/CMakeTmp"
Building C object CMakeFiles/cmTC_b36f6.dir/src.c.o
/usr/bin/gcc    -fsigned-char -W -Wall -Werror=return-type -Werror=non-virtual-dtor -Werror=address -Werror=sequence-point -Wformat -Werror=format-security   -Wstrict-prototypes  -Winit-self -Wpointer-arith  -Wsign-promo -Wno-narrowing -Wno-delete-non-virtual-dtor -Wno-unnamed-type-template-args -Wno-comment -fdiagnostics-show-option -Wno-long-long -Qunused-arguments -Wno-semicolon-before-method-body -fno-omit-frame-pointer -msse -msse2 -mno-avx -msse3 -mno-ssse3 -mno-sse4.1 -mno-sse4.2 -fvisibility=hidden -fvisibility-inlines-hidden -Wno-missing-prototypes -Wno-missing-declarations -Wno-undef -Wno-unused -Wno-sign-compare -Wno-cast-align -Wno-shadow  -O3 -DNDEBUG   -Wno-maybe-uninitialized -o CMakeFiles/cmTC_b36f6.dir/src.c.o   -c /Users/lucabonfante/Desktop/opencv-3.2.0/build/CMakeFiles/CMakeTmp/src.c
warning: unknown warning option '-Wno-maybe-uninitialized'; did you mean '-Wno-uninitialized'? [-Wunknown-warning-option]
/Users/lucabonfante/Desktop/opencv-3.2.0/build/CMakeFiles/CMakeTmp/src.c:1:8: warning: unknown pragma ignored [-Wunknown-pragmas]
#pragma
       ^
2 warnings generated.
Linking C executable cmTC_b36f6
/usr/local/Cellar/cmake/3.5.2/bin/cmake -E cmake_link_script CMakeFiles/cmTC_b36f6.dir/link.txt --verbose=1
/usr/bin/gcc     -fsigned-char -W -Wall -Werror=return-type -Werror=non-virtual-dtor -Werror=address -Werror=sequence-point -Wformat -Werror=format-security   -Wstrict-prototypes  -Winit-self -Wpointer-arith  -Wsign-promo -Wno-narrowing -Wno-delete-non-virtual-dtor -Wno-unnamed-type-template-args -Wno-comment -fdiagnostics-show-option -Wno-long-long -Qunused-arguments -Wno-semicolon-before-method-body -fno-omit-frame-pointer -msse -msse2 -mno-avx -msse3 -mno-ssse3 -mno-sse4.1 -mno-sse4.2 -fvisibility=hidden -fvisibility-inlines-hidden -Wno-missing-prototypes -Wno-missing-declarations -Wno-undef -Wno-unused -Wno-sign-compare -Wno-cast-align -Wno-shadow  -O3 -DNDEBUG -Wl,-search_paths_first -Wl,-headerpad_max_install_names   CMakeFiles/cmTC_b36f6.dir/src.c.o  -o cmTC_b36f6  
gmake[1]: uscita dalla directory "/Users/lucabonfante/Desktop/opencv-3.2.0/build/CMakeFiles/CMakeTmp"

===== END =====

Build output check failed:
    Regex: 'unknown .*option'
    Output line: 'warning: unknown warning option '-Wno-misleading-indentation', did you mean '-Wno-missing-declarations'? [-Wunknown-warning-option]'
Compilation failed:
    source file: '/Users/lucabonfante/Desktop/opencv-3.2.0/build/CMakeFiles/CMakeTmp/src.c'
    check option: ' -Wno-misleading-indentation'
===== BUILD LOG =====
Change Dir: /Users/lucabonfante/Desktop/opencv-3.2.0/build/CMakeFiles/CMakeTmp

Run Build Command:"/opt/local/bin/gmake" "cmTC_409ce/fast"
/opt/local/bin/gmake -f CMakeFiles/cmTC_409ce.dir/build.make CMakeFiles/cmTC_409ce.dir/build
gmake[1]: ingresso nella directory "/Users/lucabonfante/Desktop/opencv-3.2.0/build/CMakeFiles/CMakeTmp"
Building C object CMakeFiles/cmTC_409ce.dir/src.c.o
/usr/bin/gcc    -fsigned-char -W -Wall -Werror=return-type -Werror=non-virtual-dtor -Werror=address -Werror=sequence-point -Wformat -Werror=format-security   -Wstrict-prototypes  -Winit-self -Wpointer-arith  -Wsign-promo -Wno-narrowing -Wno-delete-non-virtual-dtor -Wno-unnamed-type-template-args -Wno-comment -fdiagnostics-show-option -Wno-long-long -Qunused-arguments -Wno-semicolon-before-method-body -fno-omit-frame-pointer -msse -msse2 -mno-avx -msse3 -mno-ssse3 -mno-sse4.1 -mno-sse4.2 -fvisibility=hidden -fvisibility-inlines-hidden -Wno-missing-prototypes -Wno-missing-declarations -Wno-undef -Wno-unused -Wno-sign-compare -Wno-cast-align -Wno-shadow -Wno-pointer-to-int-cast -Wno-int-to-pointer-cast  -O3 -DNDEBUG   -Wno-misleading-indentation -o CMakeFiles/cmTC_409ce.dir/src.c.o   -c /Users/lucabonfante/Desktop/opencv-3.2.0/build/CMakeFiles/CMakeTmp/src.c
warning: unknown warning option '-Wno-misleading-indentation'; did you mean '-Wno-missing-declarations'? [-Wunknown-warning-option]
/Users/lucabonfante/Desktop/opencv-3.2.0/build/CMakeFiles/CMakeTmp/src.c:1:8: warning: unknown pragma ignored [-Wunknown-pragmas]
#pragma
       ^
2 warnings generated.
Linking C executable cmTC_409ce
/usr/local/Cellar/cmake/3.5.2/bin/cmake -E cmake_link_script CMakeFiles/cmTC_409ce.dir/link.txt --verbose=1
/usr/bin/gcc     -fsigned-char -W -Wall -Werror=return-type -Werror=non-virtual-dtor -Werror=address -Werror=sequence-point -Wformat -Werror=format-security   -Wstrict-prototypes  -Winit-self -Wpointer-arith  -Wsign-promo -Wno-narrowing -Wno-delete-non-virtual-dtor -Wno-unnamed-type-template-args -Wno-comment -fdiagnostics-show-option -Wno-long-long -Qunused-arguments -Wno-semicolon-before-method-body -fno-omit-frame-pointer -msse -msse2 -mno-avx -msse3 -mno-ssse3 -mno-sse4.1 -mno-sse4.2 -fvisibility=hidden -fvisibility-inlines-hidden -Wno-missing-prototypes -Wno-missing-declarations -Wno-undef -Wno-unused -Wno-sign-compare -Wno-cast-align -Wno-shadow -Wno-pointer-to-int-cast -Wno-int-to-pointer-cast  -O3 -DNDEBUG -Wl,-search_paths_first -Wl,-headerpad_max_install_names   CMakeFiles/cmTC_409ce.dir/src.c.o  -o cmTC_409ce  
gmake[1]: uscita dalla directory "/Users/lucabonfante/Desktop/opencv-3.2.0/build/CMakeFiles/CMakeTmp"

===== END =====

Build output check failed:
    Regex: 'unknown .*option'
    Output line: 'warning: unknown warning option '-Wno-unused-but-set-parameter', did you mean '-Wno-unused-parameter'? [-Wunknown-warning-option]'
Compilation failed:
    source file: '/Users/lucabonfante/Desktop/opencv-3.2.0/build/CMakeFiles/CMakeTmp/src.c'
    check option: ' -Wno-unused-but-set-parameter'
===== BUILD LOG =====
Change Dir: /Users/lucabonfante/Desktop/opencv-3.2.0/build/CMakeFiles/CMakeTmp

Run Build Command:"/opt/local/bin/gmake" "cmTC_a4ea6/fast"
/opt/local/bin/gmake -f CMakeFiles/cmTC_a4ea6.dir/build.make CMakeFiles/cmTC_a4ea6.dir/build
gmake[1]: ingresso nella directory "/Users/lucabonfante/Desktop/opencv-3.2.0/build/CMakeFiles/CMakeTmp"
Building C object CMakeFiles/cmTC_a4ea6.dir/src.c.o
/usr/bin/gcc    -fsigned-char -W -Wall -Werror=return-type -Werror=non-virtual-dtor -Werror=address -Werror=sequence-point -Wformat -Werror=format-security -Wmissing-declarations  -Wstrict-prototypes -Wundef -Winit-self -Wpointer-arith -Wshadow -Wsign-promo -Wno-narrowing -Wno-delete-non-virtual-dtor -Wno-unnamed-type-template-args -Wno-comment -fdiagnostics-show-option -Wno-long-long -Qunused-arguments -Wno-semicolon-before-method-body -fno-omit-frame-pointer -msse -msse2 -mno-avx -msse3 -mno-ssse3 -mno-sse4.1 -mno-sse4.2 -fvisibility=hidden -fvisibility-inlines-hidden -Wno-implicit-function-declaration -Wno-uninitialized -Wno-missing-prototypes  -O3 -DNDEBUG   -Wno-unused-but-set-parameter -o CMakeFiles/cmTC_a4ea6.dir/src.c.o   -c /Users/lucabonfante/Desktop/opencv-3.2.0/build/CMakeFiles/CMakeTmp/src.c
warning: unknown warning option '-Wno-unused-but-set-parameter'; did you mean '-Wno-unused-parameter'? [-Wunknown-warning-option]
/Users/lucabonfante/Desktop/opencv-3.2.0/build/CMakeFiles/CMakeTmp/src.c:1:8: warning: unknown pragma ignored [-Wunknown-pragmas]
#pragma
       ^
2 warnings generated.
Linking C executable cmTC_a4ea6
/usr/local/Cellar/cmake/3.5.2/bin/cmake -E cmake_link_script CMakeFiles/cmTC_a4ea6.dir/link.txt --verbose=1
/usr/bin/gcc     -fsigned-char -W -Wall -Werror=return-type -Werror=non-virtual-dtor -Werror=address -Werror=sequence-point -Wformat -Werror=format-security -Wmissing-declarations  -Wstrict-prototypes -Wundef -Winit-self -Wpointer-arith -Wshadow -Wsign-promo -Wno-narrowing -Wno-delete-non-virtual-dtor -Wno-unnamed-type-template-args -Wno-comment -fdiagnostics-show-option -Wno-long-long -Qunused-arguments -Wno-semicolon-before-method-body -fno-omit-frame-pointer -msse -msse2 -mno-avx -msse3 -mno-ssse3 -mno-sse4.1 -mno-sse4.2 -fvisibility=hidden -fvisibility-inlines-hidden -Wno-implicit-function-declaration -Wno-uninitialized -Wno-missing-prototypes  -O3 -DNDEBUG -Wl,-search_paths_first -Wl,-headerpad_max_install_names   CMakeFiles/cmTC_a4ea6.dir/src.c.o  -o cmTC_a4ea6  
gmake[1]: uscita dalla directory "/Users/lucabonfante/Desktop/opencv-3.2.0/build/CMakeFiles/CMakeTmp"

===== END =====

Build output check failed:
    Regex: 'unknown .*option'
    Output line: 'warning: unknown warning option '-Wno-misleading-indentation', did you mean '-Wno-missing-declarations'? [-Wunknown-warning-option]'
Compilation failed:
    source file: '/Users/lucabonfante/Desktop/opencv-3.2.0/build/CMakeFiles/CMakeTmp/src.cxx'
    check option: ' -Wno-misleading-indentation'
===== BUILD LOG =====
Change Dir: /Users/lucabonfante/Desktop/opencv-3.2.0/build/CMakeFiles/CMakeTmp

Run Build Command:"/opt/local/bin/gmake" "cmTC_e49ee/fast"
/opt/local/bin/gmake -f CMakeFiles/cmTC_e49ee.dir/build.make CMakeFiles/cmTC_e49ee.dir/build
gmake[1]: ingresso nella directory "/Users/lucabonfante/Desktop/opencv-3.2.0/build/CMakeFiles/CMakeTmp"
Building CXX object CMakeFiles/cmTC_e49ee.dir/src.cxx.o
/usr/bin/g++     -fsigned-char -W -Wall -Werror=return-type -Werror=non-virtual-dtor -Werror=address -Werror=sequence-point -Wformat -Werror=format-security  -Wmissing-prototypes -Wstrict-prototypes  -Winit-self -Wpointer-arith  -Wsign-promo -Wno-narrowing -Wno-delete-non-virtual-dtor -Wno-unnamed-type-template-args -Wno-comment -fdiagnostics-show-option -Wno-long-long -Qunused-arguments -Wno-semicolon-before-method-body -fno-omit-frame-pointer -msse -msse2 -mno-avx -msse3 -mno-ssse3 -mno-sse4.1 -mno-sse4.2 -fvisibility=hidden -fvisibility-inlines-hidden -Wno-shadow -Wno-unused -Wno-sign-compare -Wno-undef -Wno-missing-declarations -Wno-uninitialized -Wno-switch -Wno-parentheses -Wno-array-bounds -Wno-extra -Wno-deprecated-declarations  -O3 -DNDEBUG   -Wno-misleading-indentation -o CMakeFiles/cmTC_e49ee.dir/src.cxx.o -c /Users/lucabonfante/Desktop/opencv-3.2.0/build/CMakeFiles/CMakeTmp/src.cxx
warning: unknown warning option '-Wno-misleading-indentation'; did you mean '-Wno-missing-declarations'? [-Wunknown-warning-option]
/Users/lucabonfante/Desktop/opencv-3.2.0/build/CMakeFiles/CMakeTmp/src.cxx:1:8: warning: unknown pragma ignored [-Wunknown-pragmas]
#pragma
       ^
2 warnings generated.
Linking CXX executable cmTC_e49ee
/usr/local/Cellar/cmake/3.5.2/bin/cmake -E cmake_link_script CMakeFiles/cmTC_e49ee.dir/link.txt --verbose=1
/usr/bin/g++      -fsigned-char -W -Wall -Werror=return-type -Werror=non-virtual-dtor -Werror=address -Werror=sequence-point -Wformat -Werror=format-security  -Wmissing-prototypes -Wstrict-prototypes  -Winit-self -Wpointer-arith  -Wsign-promo -Wno-narrowing -Wno-delete-non-virtual-dtor -Wno-unnamed-type-template-args -Wno-comment -fdiagnostics-show-option -Wno-long-long -Qunused-arguments -Wno-semicolon-before-method-body -fno-omit-frame-pointer -msse -msse2 -mno-avx -msse3 -mno-ssse3 -mno-sse4.1 -mno-sse4.2 -fvisibility=hidden -fvisibility-inlines-hidden -Wno-shadow -Wno-unused -Wno-sign-compare -Wno-undef -Wno-missing-declarations -Wno-uninitialized -Wno-switch -Wno-parentheses -Wno-array-bounds -Wno-extra -Wno-deprecated-declarations  -O3 -DNDEBUG -Wl,-search_paths_first -Wl,-headerpad_max_install_names   CMakeFiles/cmTC_e49ee.dir/src.cxx.o  -o cmTC_e49ee  
gmake[1]: uscita dalla directory "/Users/lucabonfante/Desktop/opencv-3.2.0/build/CMakeFiles/CMakeTmp"

===== END =====

Determining if the include file linux/videodev.h exists failed with the following output:
Change Dir: /Users/lucabonfante/Desktop/opencv-3.2.0/build/CMakeFiles/CMakeTmp

Run Build Command:"/opt/local/bin/gmake" "cmTC_b4441/fast"
/opt/local/bin/gmake -f CMakeFiles/cmTC_b4441.dir/build.make CMakeFiles/cmTC_b4441.dir/build
gmake[1]: ingresso nella directory "/Users/lucabonfante/Desktop/opencv-3.2.0/build/CMakeFiles/CMakeTmp"
Building C object CMakeFiles/cmTC_b4441.dir/CheckIncludeFile.c.o
/usr/bin/gcc    -fsigned-char -W -Wall -Werror=return-type -Werror=non-virtual-dtor -Werror=address -Werror=sequence-point -Wformat -Werror=format-security -Wmissing-declarations -Wmissing-prototypes -Wstrict-prototypes -Wundef -Winit-self -Wpointer-arith -Wshadow -Wsign-promo -Wno-narrowing -Wno-delete-non-virtual-dtor -Wno-unnamed-type-template-args -Wno-comment -fdiagnostics-show-option -Wno-long-long -Qunused-arguments -Wno-semicolon-before-method-body -fno-omit-frame-pointer -msse -msse2 -mno-avx -msse3 -mno-ssse3 -mno-sse4.1 -mno-sse4.2 -fvisibility=hidden -fvisibility-inlines-hidden  -O3 -DNDEBUG   -o CMakeFiles/cmTC_b4441.dir/CheckIncludeFile.c.o   -c /Users/lucabonfante/Desktop/opencv-3.2.0/build/CMakeFiles/CMakeTmp/CheckIncludeFile.c
/Users/lucabonfante/Desktop/opencv-3.2.0/build/CMakeFiles/CMakeTmp/CheckIncludeFile.c:1:10: fatal error: 'linux/videodev.h' file not found
#include <linux/videodev.h>
         ^
1 error generated.
CMakeFiles/cmTC_b4441.dir/build.make:65: set di istruzioni per l'obiettivo "CMakeFiles/cmTC_b4441.dir/CheckIncludeFile.c.o" non riuscito
gmake[1]: *** [CMakeFiles/cmTC_b4441.dir/CheckIncludeFile.c.o] Errore 1
gmake[1]: uscita dalla directory "/Users/lucabonfante/Desktop/opencv-3.2.0/build/CMakeFiles/CMakeTmp"
Makefile:126: set di istruzioni per l'obiettivo "cmTC_b4441/fast" non riuscito
gmake: *** [cmTC_b4441/fast] Errore 2


Determining if the include file linux/videodev2.h exists failed with the following output:
Change Dir: /Users/lucabonfante/Desktop/opencv-3.2.0/build/CMakeFiles/CMakeTmp

Run Build Command:"/opt/local/bin/gmake" "cmTC_b38a0/fast"
/opt/local/bin/gmake -f CMakeFiles/cmTC_b38a0.dir/build.make CMakeFiles/cmTC_b38a0.dir/build
gmake[1]: ingresso nella directory "/Users/lucabonfante/Desktop/opencv-3.2.0/build/CMakeFiles/CMakeTmp"
Building C object CMakeFiles/cmTC_b38a0.dir/CheckIncludeFile.c.o
/usr/bin/gcc    -fsigned-char -W -Wall -Werror=return-type -Werror=non-virtual-dtor -Werror=address -Werror=sequence-point -Wformat -Werror=format-security -Wmissing-declarations -Wmissing-prototypes -Wstrict-prototypes -Wundef -Winit-self -Wpointer-arith -Wshadow -Wsign-promo -Wno-narrowing -Wno-delete-non-virtual-dtor -Wno-unnamed-type-template-args -Wno-comment -fdiagnostics-show-option -Wno-long-long -Qunused-arguments -Wno-semicolon-before-method-body -fno-omit-frame-pointer -msse -msse2 -mno-avx -msse3 -mno-ssse3 -mno-sse4.1 -mno-sse4.2 -fvisibility=hidden -fvisibility-inlines-hidden  -O3 -DNDEBUG   -o CMakeFiles/cmTC_b38a0.dir/CheckIncludeFile.c.o   -c /Users/lucabonfante/Desktop/opencv-3.2.0/build/CMakeFiles/CMakeTmp/CheckIncludeFile.c
/Users/lucabonfante/Desktop/opencv-3.2.0/build/CMakeFiles/CMakeTmp/CheckIncludeFile.c:1:10: fatal error: 'linux/videodev2.h' file not found
#include <linux/videodev2.h>
         ^
1 error generated.
CMakeFiles/cmTC_b38a0.dir/build.make:65: set di istruzioni per l'obiettivo "CMakeFiles/cmTC_b38a0.dir/CheckIncludeFile.c.o" non riuscito
gmake[1]: *** [CMakeFiles/cmTC_b38a0.dir/CheckIncludeFile.c.o] Errore 1
gmake[1]: uscita dalla directory "/Users/lucabonfante/Desktop/opencv-3.2.0/build/CMakeFiles/CMakeTmp"
Makefile:126: set di istruzioni per l'obiettivo "cmTC_b38a0/fast" non riuscito
gmake: *** [cmTC_b38a0/fast] Errore 2


Determining if the include file sys/videoio.h exists failed with the following output:
Change Dir: /Users/lucabonfante/Desktop/opencv-3.2.0/build/CMakeFiles/CMakeTmp

Run Build Command:"/opt/local/bin/gmake" "cmTC_8f4c6/fast"
/opt/local/bin/gmake -f CMakeFiles/cmTC_8f4c6.dir/build.make CMakeFiles/cmTC_8f4c6.dir/build
gmake[1]: ingresso nella directory "/Users/lucabonfante/Desktop/opencv-3.2.0/build/CMakeFiles/CMakeTmp"
Building C object CMakeFiles/cmTC_8f4c6.dir/CheckIncludeFile.c.o
/usr/bin/gcc    -fsigned-char -W -Wall -Werror=return-type -Werror=non-virtual-dtor -Werror=address -Werror=sequence-point -Wformat -Werror=format-security -Wmissing-declarations -Wmissing-prototypes -Wstrict-prototypes -Wundef -Winit-self -Wpointer-arith -Wshadow -Wsign-promo -Wno-narrowing -Wno-delete-non-virtual-dtor -Wno-unnamed-type-template-args -Wno-comment -fdiagnostics-show-option -Wno-long-long -Qunused-arguments -Wno-semicolon-before-method-body -fno-omit-frame-pointer -msse -msse2 -mno-avx -msse3 -mno-ssse3 -mno-sse4.1 -mno-sse4.2 -fvisibility=hidden -fvisibility-inlines-hidden  -O3 -DNDEBUG   -o CMakeFiles/cmTC_8f4c6.dir/CheckIncludeFile.c.o   -c /Users/lucabonfante/Desktop/opencv-3.2.0/build/CMakeFiles/CMakeTmp/CheckIncludeFile.c
/Users/lucabonfante/Desktop/opencv-3.2.0/build/CMakeFiles/CMakeTmp/CheckIncludeFile.c:1:10: fatal error: 'sys/videoio.h' file not found
#include <sys/videoio.h>
         ^
1 error generated.
CMakeFiles/cmTC_8f4c6.dir/build.make:65: set di istruzioni per l'obiettivo "CMakeFiles/cmTC_8f4c6.dir/CheckIncludeFile.c.o" non riuscito
gmake[1]: *** [CMakeFiles/cmTC_8f4c6.dir/CheckIncludeFile.c.o] Errore 1
gmake[1]: uscita dalla directory "/Users/lucabonfante/Desktop/opencv-3.2.0/build/CMakeFiles/CMakeTmp"
Makefile:126: set di istruzioni per l'obiettivo "cmTC_8f4c6/fast" non riuscito
gmake: *** [cmTC_8f4c6/fast] Errore 2


